2019年04月17日 21:41:04  信息 : -------------网关启动完毕-------------------
2019年04月17日 22:07:59  信息 : -------------网关启动完毕-------------------
2019年04月17日 22:09:46  信息 : 已装载共享库/Users/caroceanjofers/studio/cj.netos.fsback/cmdtools/gateway/lib/share
2019年04月17日 22:09:46  错误: cj.studio.gateway.server.handler.HttpChannelHandler -  异常：cj.studio.ecm.EcmException: 程序集目录不存在:/Users/caroceanjofers/studio/cj.netos.fsback/cmdtools/gateway/assemblies/fsback
		at cj.studio.gateway.socket.app.AppGatewaySocket.scanAssemblyAndLoad(AppGatewaySocket.java:136)
		at cj.studio.gateway.socket.app.AppGatewaySocket.connect(AppGatewaySocket.java:120)
		at cj.studio.gateway.DestinationLoader.load(DestinationLoader.java:40)
		at cj.studio.gateway.GatewaySocketContainer.getAndCreate(GatewaySocketContainer.java:36)
		at cj.studio.gateway.server.handler.HttpChannelHandler.pipelineHttpBuild(HttpChannelHandler.java:504)
		at cj.studio.gateway.server.handler.HttpChannelHandler.flowHttpRequest(HttpChannelHandler.java:476)
		at cj.studio.gateway.server.handler.HttpChannelHandler.handleHttpRequest(HttpChannelHandler.java:218)
		at cj.studio.gateway.server.handler.HttpChannelHandler.messageReceived(HttpChannelHandler.java:114)
		at io.netty.channel.SimpleChannelInboundHandler.channelRead(SimpleChannelInboundHandler.java:103)
		at io.netty.channel.ChannelHandlerInvokerUtil.invokeChannelReadNow(ChannelHandlerInvokerUtil.java:74)
		at io.netty.channel.DefaultChannelHandlerInvoker.invokeChannelRead(DefaultChannelHandlerInvoker.java:138)
		at io.netty.channel.DefaultChannelHandlerContext.fireChannelRead(DefaultChannelHandlerContext.java:320)
		at io.netty.handler.codec.MessageToMessageDecoder.channelRead(MessageToMessageDecoder.java:103)
		at io.netty.handler.codec.MessageToMessageCodec.channelRead(MessageToMessageCodec.java:111)
		at io.netty.channel.ChannelHandlerInvokerUtil.invokeChannelReadNow(ChannelHandlerInvokerUtil.java:74)
		at io.netty.channel.DefaultChannelHandlerInvoker.invokeChannelRead(DefaultChannelHandlerInvoker.java:138)
		at io.netty.channel.DefaultChannelHandlerContext.fireChannelRead(DefaultChannelHandlerContext.java:320)
		at io.netty.handler.codec.ByteToMessageDecoder.channelRead(ByteToMessageDecoder.java:154)
		at io.netty.channel.ChannelHandlerInvokerUtil.invokeChannelReadNow(ChannelHandlerInvokerUtil.java:74)
		at io.netty.channel.DefaultChannelHandlerInvoker.invokeChannelRead(DefaultChannelHandlerInvoker.java:138)
		at io.netty.channel.DefaultChannelHandlerContext.fireChannelRead(DefaultChannelHandlerContext.java:320)
		at io.netty.channel.DefaultChannelPipeline.fireChannelRead(DefaultChannelPipeline.java:846)
		at io.netty.channel.nio.AbstractNioByteChannel$NioByteUnsafe.read(AbstractNioByteChannel.java:127)
		at io.netty.channel.nio.NioEventLoop.processSelectedKey(NioEventLoop.java:485)
		at io.netty.channel.nio.NioEventLoop.processSelectedKeysOptimized(NioEventLoop.java:452)
		at io.netty.channel.nio.NioEventLoop.run(NioEventLoop.java:346)
		at io.netty.util.concurrent.SingleThreadEventExecutor$5.run(SingleThreadEventExecutor.java:794)
		at java.lang.Thread.run(Thread.java:748)
2019年04月17日 22:10:24  错误: cj.studio.gateway.server.handler.HttpChannelHandler - 簇中缺少目标:fsbank
2019年04月17日 22:10:54  信息 : -------------网关启动完毕-------------------
2019年04月17日 22:10:55  信息 : 已装载共享库/Users/caroceanjofers/studio/cj.netos.fsback/cmdtools/gateway/lib/share
2019年04月17日 22:14:54  错误: cj.studio.gateway.server.handler.HttpChannelHandler - 簇中缺少目标:fsback
2019年04月17日 22:14:59  错误: cj.studio.gateway.server.handler.HttpChannelHandler - 簇中缺少目标:fsback
2019年04月17日 22:16:25  信息 : -------------网关启动完毕-------------------
2019年04月17日 22:16:51  信息 : -------------网关启动完毕-------------------
2019年04月17日 22:16:57  信息 : 已装载共享库/Users/caroceanjofers/studio/cj.netos.fsback/cmdtools/gateway/lib/share
2019年04月17日 22:18:04  信息 : -------------网关启动完毕-------------------
2019年04月17日 22:18:09  信息 : 已装载共享库/Users/caroceanjofers/studio/cj.netos.fsback/cmdtools/gateway/lib/share
2019年04月17日 22:38:32  信息 : -------------网关启动完毕-------------------
2019年04月17日 22:38:36  信息 : 已装载共享库/Users/caroceanjofers/studio/cj.netos.fsbank/cmdtools/gateway/lib/share
2019年04月17日 22:38:36  错误: cj.studio.gateway.server.handler.HttpChannelHandler -  异常：cj.studio.ecm.EcmException: 定义了多个程序集:/Users/caroceanjofers/studio/cj.netos.fsbank/cmdtools/gateway/assemblies/fsbank/
		at cj.studio.gateway.socket.app.AppGatewaySocket.scanAssemblyAndLoad(AppGatewaySocket.java:149)
		at cj.studio.gateway.socket.app.AppGatewaySocket.connect(AppGatewaySocket.java:120)
		at cj.studio.gateway.DestinationLoader.load(DestinationLoader.java:40)
		at cj.studio.gateway.GatewaySocketContainer.getAndCreate(GatewaySocketContainer.java:36)
		at cj.studio.gateway.server.handler.HttpChannelHandler.pipelineHttpBuild(HttpChannelHandler.java:504)
		at cj.studio.gateway.server.handler.HttpChannelHandler.flowHttpRequest(HttpChannelHandler.java:476)
		at cj.studio.gateway.server.handler.HttpChannelHandler.handleHttpRequest(HttpChannelHandler.java:218)
		at cj.studio.gateway.server.handler.HttpChannelHandler.messageReceived(HttpChannelHandler.java:114)
		at io.netty.channel.SimpleChannelInboundHandler.channelRead(SimpleChannelInboundHandler.java:103)
		at io.netty.channel.ChannelHandlerInvokerUtil.invokeChannelReadNow(ChannelHandlerInvokerUtil.java:74)
		at io.netty.channel.DefaultChannelHandlerInvoker.invokeChannelRead(DefaultChannelHandlerInvoker.java:138)
		at io.netty.channel.DefaultChannelHandlerContext.fireChannelRead(DefaultChannelHandlerContext.java:320)
		at io.netty.handler.codec.MessageToMessageDecoder.channelRead(MessageToMessageDecoder.java:103)
		at io.netty.handler.codec.MessageToMessageCodec.channelRead(MessageToMessageCodec.java:111)
		at io.netty.channel.ChannelHandlerInvokerUtil.invokeChannelReadNow(ChannelHandlerInvokerUtil.java:74)
		at io.netty.channel.DefaultChannelHandlerInvoker.invokeChannelRead(DefaultChannelHandlerInvoker.java:138)
		at io.netty.channel.DefaultChannelHandlerContext.fireChannelRead(DefaultChannelHandlerContext.java:320)
		at io.netty.handler.codec.ByteToMessageDecoder.channelRead(ByteToMessageDecoder.java:154)
		at io.netty.channel.ChannelHandlerInvokerUtil.invokeChannelReadNow(ChannelHandlerInvokerUtil.java:74)
		at io.netty.channel.DefaultChannelHandlerInvoker.invokeChannelRead(DefaultChannelHandlerInvoker.java:138)
		at io.netty.channel.DefaultChannelHandlerContext.fireChannelRead(DefaultChannelHandlerContext.java:320)
		at io.netty.channel.DefaultChannelPipeline.fireChannelRead(DefaultChannelPipeline.java:846)
		at io.netty.channel.nio.AbstractNioByteChannel$NioByteUnsafe.read(AbstractNioByteChannel.java:127)
		at io.netty.channel.nio.NioEventLoop.processSelectedKey(NioEventLoop.java:485)
		at io.netty.channel.nio.NioEventLoop.processSelectedKeysOptimized(NioEventLoop.java:452)
		at io.netty.channel.nio.NioEventLoop.run(NioEventLoop.java:346)
		at io.netty.util.concurrent.SingleThreadEventExecutor$5.run(SingleThreadEventExecutor.java:794)
		at java.lang.Thread.run(Thread.java:748)
2019年04月17日 22:38:59  信息 : -------------网关启动完毕-------------------
2019年04月17日 22:39:06  信息 : 已装载共享库/Users/caroceanjofers/studio/cj.netos.fsbank/cmdtools/gateway/lib/share
2019年04月17日 22:42:12  信息 : -------------网关启动完毕-------------------
2019年04月17日 22:43:43  信息 : 已装载共享库/Users/caroceanjofers/studio/cj.netos.fsbank/cmdtools/gateway/lib/share
2019年04月17日 22:43:43  错误: cj.studio.gateway.server.handler.HttpChannelHandler -  异常：503 缺少key在内容。key:info 方法：public abstract void cj.netos.fsbank.stub.IFSBankStub.registerBank(cj.netos.fsbank.args.BankInfo)
		at cj.studio.gateway.stub.GatewayAppSiteRestStub.getArgs(GatewayAppSiteRestStub.java:216)
		at cj.studio.gateway.stub.GatewayAppSiteRestStub.access$100(GatewayAppSiteRestStub.java:32)
		at cj.studio.gateway.stub.GatewayAppSiteRestStub$1.done(GatewayAppSiteRestStub.java:110)
		at cj.studio.gateway.socket.io.HttpInputChannel.done(HttpInputChannel.java:59)
		at cj.studio.gateway.server.handler.HttpChannelHandler.handleHttpContent(HttpChannelHandler.java:133)
		at cj.studio.gateway.server.handler.HttpChannelHandler.messageReceived(HttpChannelHandler.java:116)
		at io.netty.channel.SimpleChannelInboundHandler.channelRead(SimpleChannelInboundHandler.java:103)
		at io.netty.channel.ChannelHandlerInvokerUtil.invokeChannelReadNow(ChannelHandlerInvokerUtil.java:74)
		at io.netty.channel.DefaultChannelHandlerInvoker.invokeChannelRead(DefaultChannelHandlerInvoker.java:138)
		at io.netty.channel.DefaultChannelHandlerContext.fireChannelRead(DefaultChannelHandlerContext.java:320)
		at io.netty.handler.codec.MessageToMessageDecoder.channelRead(MessageToMessageDecoder.java:103)
		at io.netty.handler.codec.MessageToMessageCodec.channelRead(MessageToMessageCodec.java:111)
		at io.netty.channel.ChannelHandlerInvokerUtil.invokeChannelReadNow(ChannelHandlerInvokerUtil.java:74)
		at io.netty.channel.DefaultChannelHandlerInvoker.invokeChannelRead(DefaultChannelHandlerInvoker.java:138)
		at io.netty.channel.DefaultChannelHandlerContext.fireChannelRead(DefaultChannelHandlerContext.java:320)
		at io.netty.handler.codec.ByteToMessageDecoder.channelRead(ByteToMessageDecoder.java:154)
		at io.netty.channel.ChannelHandlerInvokerUtil.invokeChannelReadNow(ChannelHandlerInvokerUtil.java:74)
		at io.netty.channel.DefaultChannelHandlerInvoker.invokeChannelRead(DefaultChannelHandlerInvoker.java:138)
		at io.netty.channel.DefaultChannelHandlerContext.fireChannelRead(DefaultChannelHandlerContext.java:320)
		at io.netty.channel.DefaultChannelPipeline.fireChannelRead(DefaultChannelPipeline.java:846)
		at io.netty.channel.nio.AbstractNioByteChannel$NioByteUnsafe.read(AbstractNioByteChannel.java:127)
		at io.netty.channel.nio.NioEventLoop.processSelectedKey(NioEventLoop.java:485)
		at io.netty.channel.nio.NioEventLoop.processSelectedKeysOptimized(NioEventLoop.java:452)
		at io.netty.channel.nio.NioEventLoop.run(NioEventLoop.java:346)
		at io.netty.util.concurrent.SingleThreadEventExecutor$5.run(SingleThreadEventExecutor.java:794)
		at java.lang.Thread.run(Thread.java:748)
2019年04月19日 04:03:08  信息 : -------------网关启动完毕-------------------
2019年04月19日 04:04:05  信息 : 已装载共享库/Users/caroceanjofers/studio/cj.netos.fsbank/cmdtools/gateway/lib/share
2019年04月19日 04:04:05  错误: cj.studio.gateway.server.handler.HttpChannelHandler -  异常：java.lang.NoClassDefFoundError: cj/studio/util/reactor/IPipelineCombination
		at java.lang.ClassLoader.defineClass1(ClassLoader.java:-2)
		at java.lang.ClassLoader.defineClass(ClassLoader.java:763)
		at cj.studio.ecm.resource.JarClassLoader.findJarClass(JarClassLoader.java:346)
		at cj.studio.ecm.resource.JarClassLoader.loadClass(JarClassLoader.java:616)
		at cj.studio.ecm.resource.SystemResource.loadClass(SystemResource.java:224)
		at java.lang.ClassLoader.loadClass(ClassLoader.java:357)
		at cj.studio.ecm.container.resolver.AnnotationServiceDefinitionResolver.resolve(AnnotationServiceDefinitionResolver.java:63)
		at cj.studio.ecm.container.scanner.ServiceDefinitionScanner.scan(ServiceDefinitionScanner.java:75)
		at cj.studio.ecm.context.ModuleSite.refresh(ModuleSite.java:253)
		at cj.studio.ecm.Assembly.start(Assembly.java:402)
		at cj.studio.gateway.socket.app.AppGatewaySocket.scanAssemblyAndLoad(AppGatewaySocket.java:157)
		at cj.studio.gateway.socket.app.AppGatewaySocket.connect(AppGatewaySocket.java:120)
		at cj.studio.gateway.DestinationLoader.load(DestinationLoader.java:40)
		at cj.studio.gateway.GatewaySocketContainer.getAndCreate(GatewaySocketContainer.java:36)
		at cj.studio.gateway.server.handler.HttpChannelHandler.pipelineHttpBuild(HttpChannelHandler.java:504)
		at cj.studio.gateway.server.handler.HttpChannelHandler.flowHttpRequest(HttpChannelHandler.java:476)
		at cj.studio.gateway.server.handler.HttpChannelHandler.handleHttpRequest(HttpChannelHandler.java:218)
		at cj.studio.gateway.server.handler.HttpChannelHandler.messageReceived(HttpChannelHandler.java:114)
		at io.netty.channel.SimpleChannelInboundHandler.channelRead(SimpleChannelInboundHandler.java:103)
		at io.netty.channel.ChannelHandlerInvokerUtil.invokeChannelReadNow(ChannelHandlerInvokerUtil.java:74)
		at io.netty.channel.DefaultChannelHandlerInvoker.invokeChannelRead(DefaultChannelHandlerInvoker.java:138)
		at io.netty.channel.DefaultChannelHandlerContext.fireChannelRead(DefaultChannelHandlerContext.java:320)
		at io.netty.handler.codec.MessageToMessageDecoder.channelRead(MessageToMessageDecoder.java:103)
		at io.netty.handler.codec.MessageToMessageCodec.channelRead(MessageToMessageCodec.java:111)
		at io.netty.channel.ChannelHandlerInvokerUtil.invokeChannelReadNow(ChannelHandlerInvokerUtil.java:74)
		at io.netty.channel.DefaultChannelHandlerInvoker.invokeChannelRead(DefaultChannelHandlerInvoker.java:138)
		at io.netty.channel.DefaultChannelHandlerContext.fireChannelRead(DefaultChannelHandlerContext.java:320)
		at io.netty.handler.codec.ByteToMessageDecoder.channelRead(ByteToMessageDecoder.java:154)
		at io.netty.channel.ChannelHandlerInvokerUtil.invokeChannelReadNow(ChannelHandlerInvokerUtil.java:74)
		at io.netty.channel.DefaultChannelHandlerInvoker.invokeChannelRead(DefaultChannelHandlerInvoker.java:138)
		at io.netty.channel.DefaultChannelHandlerContext.fireChannelRead(DefaultChannelHandlerContext.java:320)
		at io.netty.channel.DefaultChannelPipeline.fireChannelRead(DefaultChannelPipeline.java:846)
		at io.netty.channel.nio.AbstractNioByteChannel$NioByteUnsafe.read(AbstractNioByteChannel.java:127)
		at io.netty.channel.nio.NioEventLoop.processSelectedKey(NioEventLoop.java:485)
		at io.netty.channel.nio.NioEventLoop.processSelectedKeysOptimized(NioEventLoop.java:452)
		at io.netty.channel.nio.NioEventLoop.run(NioEventLoop.java:346)
		at io.netty.util.concurrent.SingleThreadEventExecutor$5.run(SingleThreadEventExecutor.java:794)
		at java.lang.Thread.run(Thread.java:748)
2019年04月19日 04:06:28  信息 : -------------网关启动完毕-------------------
2019年04月19日 04:06:31  信息 : 已装载共享库/Users/caroceanjofers/studio/cj.netos.fsbank/cmdtools/gateway/lib/share
2019年04月19日 04:06:31  错误: cj.studio.gateway.server.handler.HttpChannelHandler -  异常：java.lang.NoClassDefFoundError: cj/studio/util/reactor/IPipelineCombination
		at java.lang.ClassLoader.defineClass1(ClassLoader.java:-2)
		at java.lang.ClassLoader.defineClass(ClassLoader.java:763)
		at cj.studio.ecm.resource.JarClassLoader.findJarClass(JarClassLoader.java:346)
		at cj.studio.ecm.resource.JarClassLoader.loadClass(JarClassLoader.java:616)
		at cj.studio.ecm.resource.SystemResource.loadClass(SystemResource.java:224)
		at java.lang.ClassLoader.loadClass(ClassLoader.java:357)
		at cj.studio.ecm.container.resolver.AnnotationServiceDefinitionResolver.resolve(AnnotationServiceDefinitionResolver.java:63)
		at cj.studio.ecm.container.scanner.ServiceDefinitionScanner.scan(ServiceDefinitionScanner.java:75)
		at cj.studio.ecm.context.ModuleSite.refresh(ModuleSite.java:253)
		at cj.studio.ecm.Assembly.start(Assembly.java:402)
		at cj.studio.gateway.socket.app.AppGatewaySocket.scanAssemblyAndLoad(AppGatewaySocket.java:157)
		at cj.studio.gateway.socket.app.AppGatewaySocket.connect(AppGatewaySocket.java:120)
		at cj.studio.gateway.DestinationLoader.load(DestinationLoader.java:40)
		at cj.studio.gateway.GatewaySocketContainer.getAndCreate(GatewaySocketContainer.java:36)
		at cj.studio.gateway.server.handler.HttpChannelHandler.pipelineHttpBuild(HttpChannelHandler.java:504)
		at cj.studio.gateway.server.handler.HttpChannelHandler.flowHttpRequest(HttpChannelHandler.java:476)
		at cj.studio.gateway.server.handler.HttpChannelHandler.handleHttpRequest(HttpChannelHandler.java:218)
		at cj.studio.gateway.server.handler.HttpChannelHandler.messageReceived(HttpChannelHandler.java:114)
		at io.netty.channel.SimpleChannelInboundHandler.channelRead(SimpleChannelInboundHandler.java:103)
		at io.netty.channel.ChannelHandlerInvokerUtil.invokeChannelReadNow(ChannelHandlerInvokerUtil.java:74)
		at io.netty.channel.DefaultChannelHandlerInvoker.invokeChannelRead(DefaultChannelHandlerInvoker.java:138)
		at io.netty.channel.DefaultChannelHandlerContext.fireChannelRead(DefaultChannelHandlerContext.java:320)
		at io.netty.handler.codec.MessageToMessageDecoder.channelRead(MessageToMessageDecoder.java:103)
		at io.netty.handler.codec.MessageToMessageCodec.channelRead(MessageToMessageCodec.java:111)
		at io.netty.channel.ChannelHandlerInvokerUtil.invokeChannelReadNow(ChannelHandlerInvokerUtil.java:74)
		at io.netty.channel.DefaultChannelHandlerInvoker.invokeChannelRead(DefaultChannelHandlerInvoker.java:138)
		at io.netty.channel.DefaultChannelHandlerContext.fireChannelRead(DefaultChannelHandlerContext.java:320)
		at io.netty.handler.codec.ByteToMessageDecoder.channelRead(ByteToMessageDecoder.java:154)
		at io.netty.channel.ChannelHandlerInvokerUtil.invokeChannelReadNow(ChannelHandlerInvokerUtil.java:74)
		at io.netty.channel.DefaultChannelHandlerInvoker.invokeChannelRead(DefaultChannelHandlerInvoker.java:138)
		at io.netty.channel.DefaultChannelHandlerContext.fireChannelRead(DefaultChannelHandlerContext.java:320)
		at io.netty.channel.DefaultChannelPipeline.fireChannelRead(DefaultChannelPipeline.java:846)
		at io.netty.channel.nio.AbstractNioByteChannel$NioByteUnsafe.read(AbstractNioByteChannel.java:127)
		at io.netty.channel.nio.NioEventLoop.processSelectedKey(NioEventLoop.java:485)
		at io.netty.channel.nio.NioEventLoop.processSelectedKeysOptimized(NioEventLoop.java:452)
		at io.netty.channel.nio.NioEventLoop.run(NioEventLoop.java:346)
		at io.netty.util.concurrent.SingleThreadEventExecutor$5.run(SingleThreadEventExecutor.java:794)
		at java.lang.Thread.run(Thread.java:748)
2019年04月19日 04:06:53  信息 : -------------网关启动完毕-------------------
2019年04月19日 04:06:54  信息 : 已装载共享库/Users/caroceanjofers/studio/cj.netos.fsbank/cmdtools/gateway/lib/share
2019年04月19日 04:07:24  错误: cj.studio.gateway.server.handler.HttpChannelHandler -  异常：503 java.lang.ClassNotFoundException: cj/netos/fsbank/stub/IFSBankStub
		at cj.studio.gateway.stub.GatewayAppSiteRestStub$1.done(GatewayAppSiteRestStub.java:135)
		at cj.studio.gateway.socket.io.HttpInputChannel.done(HttpInputChannel.java:59)
		at cj.studio.gateway.server.handler.HttpChannelHandler.handleHttpContent(HttpChannelHandler.java:133)
		at cj.studio.gateway.server.handler.HttpChannelHandler.messageReceived(HttpChannelHandler.java:116)
		at io.netty.channel.SimpleChannelInboundHandler.channelRead(SimpleChannelInboundHandler.java:103)
		at io.netty.channel.ChannelHandlerInvokerUtil.invokeChannelReadNow(ChannelHandlerInvokerUtil.java:74)
		at io.netty.channel.DefaultChannelHandlerInvoker.invokeChannelRead(DefaultChannelHandlerInvoker.java:138)
		at io.netty.channel.DefaultChannelHandlerContext.fireChannelRead(DefaultChannelHandlerContext.java:320)
		at io.netty.handler.codec.MessageToMessageDecoder.channelRead(MessageToMessageDecoder.java:103)
		at io.netty.handler.codec.MessageToMessageCodec.channelRead(MessageToMessageCodec.java:111)
		at io.netty.channel.ChannelHandlerInvokerUtil.invokeChannelReadNow(ChannelHandlerInvokerUtil.java:74)
		at io.netty.channel.DefaultChannelHandlerInvoker.invokeChannelRead(DefaultChannelHandlerInvoker.java:138)
		at io.netty.channel.DefaultChannelHandlerContext.fireChannelRead(DefaultChannelHandlerContext.java:320)
		at io.netty.handler.codec.ByteToMessageDecoder.channelRead(ByteToMessageDecoder.java:154)
		at io.netty.channel.ChannelHandlerInvokerUtil.invokeChannelReadNow(ChannelHandlerInvokerUtil.java:74)
		at io.netty.channel.DefaultChannelHandlerInvoker.invokeChannelRead(DefaultChannelHandlerInvoker.java:138)
		at io.netty.channel.DefaultChannelHandlerContext.fireChannelRead(DefaultChannelHandlerContext.java:320)
		at io.netty.channel.DefaultChannelPipeline.fireChannelRead(DefaultChannelPipeline.java:846)
		at io.netty.channel.nio.AbstractNioByteChannel$NioByteUnsafe.read(AbstractNioByteChannel.java:127)
		at io.netty.channel.nio.NioEventLoop.processSelectedKey(NioEventLoop.java:485)
		at io.netty.channel.nio.NioEventLoop.processSelectedKeysOptimized(NioEventLoop.java:452)
		at io.netty.channel.nio.NioEventLoop.run(NioEventLoop.java:346)
		at io.netty.util.concurrent.SingleThreadEventExecutor$5.run(SingleThreadEventExecutor.java:794)
		at java.lang.Thread.run(Thread.java:748)
	Cause by:
		at java.lang.Class.forName0(Class.java:-2)
		at java.lang.Class.forName(Class.java:348)
		at cj.studio.gateway.stub.GatewayAppSiteRestStub$1.done(GatewayAppSiteRestStub.java:97)
		at cj.studio.gateway.socket.io.HttpInputChannel.done(HttpInputChannel.java:59)
		at cj.studio.gateway.server.handler.HttpChannelHandler.handleHttpContent(HttpChannelHandler.java:133)
		at cj.studio.gateway.server.handler.HttpChannelHandler.messageReceived(HttpChannelHandler.java:116)
		at io.netty.channel.SimpleChannelInboundHandler.channelRead(SimpleChannelInboundHandler.java:103)
		at io.netty.channel.ChannelHandlerInvokerUtil.invokeChannelReadNow(ChannelHandlerInvokerUtil.java:74)
		at io.netty.channel.DefaultChannelHandlerInvoker.invokeChannelRead(DefaultChannelHandlerInvoker.java:138)
		at io.netty.channel.DefaultChannelHandlerContext.fireChannelRead(DefaultChannelHandlerContext.java:320)
		at io.netty.handler.codec.MessageToMessageDecoder.channelRead(MessageToMessageDecoder.java:103)
		at io.netty.handler.codec.MessageToMessageCodec.channelRead(MessageToMessageCodec.java:111)
		at io.netty.channel.ChannelHandlerInvokerUtil.invokeChannelReadNow(ChannelHandlerInvokerUtil.java:74)
		at io.netty.channel.DefaultChannelHandlerInvoker.invokeChannelRead(DefaultChannelHandlerInvoker.java:138)
		at io.netty.channel.DefaultChannelHandlerContext.fireChannelRead(DefaultChannelHandlerContext.java:320)
		at io.netty.handler.codec.ByteToMessageDecoder.channelRead(ByteToMessageDecoder.java:154)
		at io.netty.channel.ChannelHandlerInvokerUtil.invokeChannelReadNow(ChannelHandlerInvokerUtil.java:74)
		at io.netty.channel.DefaultChannelHandlerInvoker.invokeChannelRead(DefaultChannelHandlerInvoker.java:138)
		at io.netty.channel.DefaultChannelHandlerContext.fireChannelRead(DefaultChannelHandlerContext.java:320)
		at io.netty.channel.DefaultChannelPipeline.fireChannelRead(DefaultChannelPipeline.java:846)
		at io.netty.channel.nio.AbstractNioByteChannel$NioByteUnsafe.read(AbstractNioByteChannel.java:127)
		at io.netty.channel.nio.NioEventLoop.processSelectedKey(NioEventLoop.java:485)
		at io.netty.channel.nio.NioEventLoop.processSelectedKeysOptimized(NioEventLoop.java:452)
		at io.netty.channel.nio.NioEventLoop.run(NioEventLoop.java:346)
		at io.netty.util.concurrent.SingleThreadEventExecutor$5.run(SingleThreadEventExecutor.java:794)
		at java.lang.Thread.run(Thread.java:748)
2019年04月19日 12:57:11  信息 : -------------网关启动完毕-------------------
2019年04月19日 12:57:34  信息 : 已装载共享库/Users/caroceanjofers/studio/cj.netos.fsbank/cmdtools/gateway/lib/share
2019年04月19日 12:57:34  错误: cj.studio.gateway.server.handler.HttpChannelHandler -  异常：java.lang.NoClassDefFoundError: cj/studio/util/reactor/IServiceProvider
		at java.lang.ClassLoader.defineClass1(ClassLoader.java:-2)
		at java.lang.ClassLoader.defineClass(ClassLoader.java:763)
		at cj.studio.ecm.resource.JarClassLoader.findJarClass(JarClassLoader.java:346)
		at cj.studio.ecm.resource.JarClassLoader.loadClass(JarClassLoader.java:616)
		at cj.studio.ecm.resource.SystemResource.loadClass(SystemResource.java:224)
		at java.lang.ClassLoader.loadClass(ClassLoader.java:357)
		at cj.studio.ecm.container.resolver.AnnotationServiceDefinitionResolver.resolve(AnnotationServiceDefinitionResolver.java:63)
		at cj.studio.ecm.container.scanner.ServiceDefinitionScanner.scan(ServiceDefinitionScanner.java:75)
		at cj.studio.ecm.context.ModuleSite.refresh(ModuleSite.java:253)
		at cj.studio.ecm.Assembly.start(Assembly.java:402)
		at cj.studio.gateway.socket.app.AppGatewaySocket.scanAssemblyAndLoad(AppGatewaySocket.java:157)
		at cj.studio.gateway.socket.app.AppGatewaySocket.connect(AppGatewaySocket.java:120)
		at cj.studio.gateway.DestinationLoader.load(DestinationLoader.java:40)
		at cj.studio.gateway.GatewaySocketContainer.getAndCreate(GatewaySocketContainer.java:36)
		at cj.studio.gateway.server.handler.HttpChannelHandler.pipelineHttpBuild(HttpChannelHandler.java:504)
		at cj.studio.gateway.server.handler.HttpChannelHandler.flowHttpRequest(HttpChannelHandler.java:476)
		at cj.studio.gateway.server.handler.HttpChannelHandler.handleHttpRequest(HttpChannelHandler.java:218)
		at cj.studio.gateway.server.handler.HttpChannelHandler.messageReceived(HttpChannelHandler.java:114)
		at io.netty.channel.SimpleChannelInboundHandler.channelRead(SimpleChannelInboundHandler.java:103)
		at io.netty.channel.ChannelHandlerInvokerUtil.invokeChannelReadNow(ChannelHandlerInvokerUtil.java:74)
		at io.netty.channel.DefaultChannelHandlerInvoker.invokeChannelRead(DefaultChannelHandlerInvoker.java:138)
		at io.netty.channel.DefaultChannelHandlerContext.fireChannelRead(DefaultChannelHandlerContext.java:320)
		at io.netty.handler.codec.MessageToMessageDecoder.channelRead(MessageToMessageDecoder.java:103)
		at io.netty.handler.codec.MessageToMessageCodec.channelRead(MessageToMessageCodec.java:111)
		at io.netty.channel.ChannelHandlerInvokerUtil.invokeChannelReadNow(ChannelHandlerInvokerUtil.java:74)
		at io.netty.channel.DefaultChannelHandlerInvoker.invokeChannelRead(DefaultChannelHandlerInvoker.java:138)
		at io.netty.channel.DefaultChannelHandlerContext.fireChannelRead(DefaultChannelHandlerContext.java:320)
		at io.netty.handler.codec.ByteToMessageDecoder.channelRead(ByteToMessageDecoder.java:154)
		at io.netty.channel.ChannelHandlerInvokerUtil.invokeChannelReadNow(ChannelHandlerInvokerUtil.java:74)
		at io.netty.channel.DefaultChannelHandlerInvoker.invokeChannelRead(DefaultChannelHandlerInvoker.java:138)
		at io.netty.channel.DefaultChannelHandlerContext.fireChannelRead(DefaultChannelHandlerContext.java:320)
		at io.netty.channel.DefaultChannelPipeline.fireChannelRead(DefaultChannelPipeline.java:846)
		at io.netty.channel.nio.AbstractNioByteChannel$NioByteUnsafe.read(AbstractNioByteChannel.java:127)
		at io.netty.channel.nio.NioEventLoop.processSelectedKey(NioEventLoop.java:485)
		at io.netty.channel.nio.NioEventLoop.processSelectedKeysOptimized(NioEventLoop.java:452)
		at io.netty.channel.nio.NioEventLoop.run(NioEventLoop.java:346)
		at io.netty.util.concurrent.SingleThreadEventExecutor$5.run(SingleThreadEventExecutor.java:794)
		at java.lang.Thread.run(Thread.java:748)
2019年04月19日 12:57:54  信息 : -------------网关启动完毕-------------------
2019年04月19日 12:57:56  信息 : 已装载共享库/Users/caroceanjofers/studio/cj.netos.fsbank/cmdtools/gateway/lib/share
2019年04月19日 13:35:07  信息 : -------------网关启动完毕-------------------
2019年04月19日 13:35:13  信息 : 已装载共享库/Users/caroceanjofers/studio/cj.netos.fsbank/cmdtools/gateway/lib/share
2019年04月19日 13:37:24  信息 : -------------网关启动完毕-------------------
2019年04月19日 13:37:28  信息 : 已装载共享库/Users/caroceanjofers/studio/cj.netos.fsbank/cmdtools/gateway/lib/share
2019年04月19日 13:37:49  信息 : -------------网关启动完毕-------------------
2019年04月19日 13:37:51  信息 : 已装载共享库/Users/caroceanjofers/studio/cj.netos.fsbank/cmdtools/gateway/lib/share
